This is pdfTeX, Version 3.14159265-2.6-1.40.15 (TeX Live 2014) (preloaded format=pdflatex 2014.7.22)  10 JAN 2016 11:46
entering extended mode
 restricted \write18 enabled.
 file:line:error style messages enabled.
 %&-line parsing enabled.
**book.tex
(./book.tex
LaTeX2e <2014/05/01>
Babel <3.9k> and hyphenation patterns for 78 languages loaded.
(/usr/local/texlive/2014/texmf-dist/tex/latex/base/book.cls
Document Class: book 2007/10/19 v1.4h Standard LaTeX document class
(/usr/local/texlive/2014/texmf-dist/tex/latex/base/bk11.clo
File: bk11.clo 2007/10/19 v1.4h Standard LaTeX file (size option)
)
\c@part=\count79
\c@chapter=\count80
\c@section=\count81
\c@subsection=\count82
\c@subsubsection=\count83
\c@paragraph=\count84
\c@subparagraph=\count85
\c@figure=\count86
\c@table=\count87
\abovecaptionskip=\skip41
\belowcaptionskip=\skip42
\bibindent=\dimen102
)
(./createspace.sty
Package: createspace 2011/05/07 package for typesetting books ready for CreateS
pace.com

(/usr/local/texlive/2014/texmf-dist/tex/latex/xkeyval/xkeyval.sty
Package: xkeyval 2014/05/09 v2.6d package option processing (HA)

(/usr/local/texlive/2014/texmf-dist/tex/generic/xkeyval/xkeyval.tex
\XKV@toks=\toks14
\XKV@tempa@toks=\toks15
\XKV@depth=\count88
File: xkeyval.tex 2014/05/09 v2.6d key=value parser (HA)

(/usr/local/texlive/2014/texmf-dist/tex/generic/xkeyval/keyval.tex)))
\createspace@l@width=\dimen103
\createspace@l@height=\dimen104
\createspace@l@gutter=\dimen105
\createspace@l@inner=\dimen106
\createspace@l@outer=\dimen107
\createspace@l@top=\dimen108
\createspace@l@bottom=\dimen109
\createspace@l@thickness=\dimen110
\createspace@c@minpages=\count89
\createspace@c@maxpages=\count90

(/usr/local/texlive/2014/texmf-dist/tex/latex/geometry/geometry.sty
Package: geometry 2010/09/12 v5.6 Page Geometry

(/usr/local/texlive/2014/texmf-dist/tex/generic/oberdiek/ifpdf.sty
Package: ifpdf 2011/01/30 v2.3 Provides the ifpdf switch (HO)
Package ifpdf Info: pdfTeX in PDF mode is detected.
)
(/usr/local/texlive/2014/texmf-dist/tex/generic/oberdiek/ifvtex.sty
Package: ifvtex 2010/03/01 v1.5 Detect VTeX and its facilities (HO)
Package ifvtex Info: VTeX not detected.
)
(/usr/local/texlive/2014/texmf-dist/tex/generic/ifxetex/ifxetex.sty
Package: ifxetex 2010/09/12 v0.6 Provides ifxetex conditional
)
\Gm@cnth=\count91
\Gm@cntv=\count92
\c@Gm@tempcnt=\count93
\Gm@bindingoffset=\dimen111
\Gm@wd@mp=\dimen112
\Gm@odd@mp=\dimen113
\Gm@even@mp=\dimen114
\Gm@layoutwidth=\dimen115
\Gm@layoutheight=\dimen116
\Gm@layouthoffset=\dimen117
\Gm@layoutvoffset=\dimen118
\Gm@dimlist=\toks16
))
(/usr/local/texlive/2014/texmf-dist/tex/latex/pslatex/pslatex.sty
Package: pslatex 1996/07/24 v1.2 pslatex emulation (DPC)
LaTeX Font Info:    Redeclaring symbol font `operators' on input line 65.
LaTeX Font Info:    Overwriting symbol font `operators' in version `normal'
(Font)                  OT1/cmr/m/n --> OT1/ptmcm/m/n on input line 65.
LaTeX Font Info:    Overwriting symbol font `operators' in version `bold'
(Font)                  OT1/cmr/bx/n --> OT1/ptmcm/m/n on input line 65.
LaTeX Font Info:    Redeclaring symbol font `letters' on input line 66.
LaTeX Font Info:    Overwriting symbol font `letters' in version `normal'
(Font)                  OML/cmm/m/it --> OML/ptmcm/m/it on input line 66.
LaTeX Font Info:    Overwriting symbol font `letters' in version `bold'
(Font)                  OML/cmm/b/it --> OML/ptmcm/m/it on input line 66.
LaTeX Font Info:    Redeclaring symbol font `symbols' on input line 67.
LaTeX Font Info:    Overwriting symbol font `symbols' in version `normal'
(Font)                  OMS/cmsy/m/n --> OMS/pzccm/m/n on input line 67.
LaTeX Font Info:    Overwriting symbol font `symbols' in version `bold'
(Font)                  OMS/cmsy/b/n --> OMS/pzccm/m/n on input line 67.
LaTeX Font Info:    Redeclaring symbol font `largesymbols' on input line 68.
LaTeX Font Info:    Overwriting symbol font `largesymbols' in version `normal'
(Font)                  OMX/cmex/m/n --> OMX/psycm/m/n on input line 68.
LaTeX Font Info:    Overwriting symbol font `largesymbols' in version `bold'
(Font)                  OMX/cmex/m/n --> OMX/psycm/m/n on input line 68.
\symbold=\mathgroup4
\symitalic=\mathgroup5
LaTeX Font Info:    Redeclaring math alphabet \mathbf on input line 74.
LaTeX Font Info:    Overwriting math alphabet `\mathbf' in version `normal'
(Font)                  OT1/cmr/bx/n --> OT1/ptm/bx/n on input line 74.
LaTeX Font Info:    Overwriting math alphabet `\mathbf' in version `bold'
(Font)                  OT1/cmr/bx/n --> OT1/ptm/bx/n on input line 74.
LaTeX Font Info:    Redeclaring math alphabet \mathit on input line 75.
LaTeX Font Info:    Overwriting math alphabet `\mathit' in version `normal'
(Font)                  OT1/cmr/m/it --> OT1/ptm/m/it on input line 75.
LaTeX Font Info:    Overwriting math alphabet `\mathit' in version `bold'
(Font)                  OT1/cmr/bx/it --> OT1/ptm/m/it on input line 75.
)
(/usr/local/texlive/2014/texmf-dist/tex/latex/url/url.sty
\Urlmuskip=\muskip10
Package: url 2013/09/16  ver 3.4  Verb mode for urls, etc.
)
(/usr/local/texlive/2014/texmf-dist/tex/latex/fancyhdr/fancyhdr.sty
\fancy@headwidth=\skip43
\f@ncyO@elh=\skip44
\f@ncyO@erh=\skip45
\f@ncyO@olh=\skip46
\f@ncyO@orh=\skip47
\f@ncyO@elf=\skip48
\f@ncyO@erf=\skip49
\f@ncyO@olf=\skip50
\f@ncyO@orf=\skip51
)
(/usr/local/texlive/2014/texmf-dist/tex/latex/graphics/graphicx.sty
Package: graphicx 2014/04/25 v1.0g Enhanced LaTeX Graphics (DPC,SPQR)

(/usr/local/texlive/2014/texmf-dist/tex/latex/graphics/graphics.sty
Package: graphics 2009/02/05 v1.0o Standard LaTeX Graphics (DPC,SPQR)

(/usr/local/texlive/2014/texmf-dist/tex/latex/graphics/trig.sty
Package: trig 1999/03/16 v1.09 sin cos tan (DPC)
)
(/usr/local/texlive/2014/texmf-dist/tex/latex/latexconfig/graphics.cfg
File: graphics.cfg 2010/04/23 v1.9 graphics configuration of TeX Live
)
Package graphics Info: Driver file: pdftex.def on input line 91.

(/usr/local/texlive/2014/texmf-dist/tex/latex/pdftex-def/pdftex.def
File: pdftex.def 2011/05/27 v0.06d Graphics/color for pdfTeX

(/usr/local/texlive/2014/texmf-dist/tex/generic/oberdiek/infwarerr.sty
Package: infwarerr 2010/04/08 v1.3 Providing info/warning/error messages (HO)
)
(/usr/local/texlive/2014/texmf-dist/tex/generic/oberdiek/ltxcmds.sty
Package: ltxcmds 2011/11/09 v1.22 LaTeX kernel commands for general use (HO)
)
\Gread@gobject=\count94
))
\Gin@req@height=\dimen119
\Gin@req@width=\dimen120
)
(/usr/local/texlive/2014/texmf-dist/tex/latex/amsmath/amsmath.sty
Package: amsmath 2013/01/14 v2.14 AMS math features
\@mathmargin=\skip52

For additional information on amsmath, use the `?' option.
(/usr/local/texlive/2014/texmf-dist/tex/latex/amsmath/amstext.sty
Package: amstext 2000/06/29 v2.01

(/usr/local/texlive/2014/texmf-dist/tex/latex/amsmath/amsgen.sty
File: amsgen.sty 1999/11/30 v2.0
\@emptytoks=\toks17
\ex@=\dimen121
))
(/usr/local/texlive/2014/texmf-dist/tex/latex/amsmath/amsbsy.sty
Package: amsbsy 1999/11/29 v1.2d
\pmbraise@=\dimen122
)
(/usr/local/texlive/2014/texmf-dist/tex/latex/amsmath/amsopn.sty
Package: amsopn 1999/12/14 v2.01 operator names
)
\inf@bad=\count95
LaTeX Info: Redefining \frac on input line 210.
\uproot@=\count96
\leftroot@=\count97
LaTeX Info: Redefining \overline on input line 306.
\classnum@=\count98
\DOTSCASE@=\count99
LaTeX Info: Redefining \ldots on input line 378.
LaTeX Info: Redefining \dots on input line 381.
LaTeX Info: Redefining \cdots on input line 466.
\Mathstrutbox@=\box26
\strutbox@=\box27
\big@size=\dimen123
LaTeX Font Info:    Redeclaring font encoding OML on input line 566.
LaTeX Font Info:    Redeclaring font encoding OMS on input line 567.
\macc@depth=\count100
\c@MaxMatrixCols=\count101
\dotsspace@=\muskip11
\c@parentequation=\count102
\dspbrk@lvl=\count103
\tag@help=\toks18
\row@=\count104
\column@=\count105
\maxfields@=\count106
\andhelp@=\toks19
\eqnshift@=\dimen124
\alignsep@=\dimen125
\tagshift@=\dimen126
\tagwidth@=\dimen127
\totwidth@=\dimen128
\lineht@=\dimen129
\@envbody=\toks20
\multlinegap=\skip53
\multlinetaggap=\skip54
\mathdisplay@stack=\toks21
LaTeX Info: Redefining \[ on input line 2665.
LaTeX Info: Redefining \] on input line 2666.
)
(/usr/local/texlive/2014/texmf-dist/tex/latex/amscls/amsthm.sty
Package: amsthm 2004/08/06 v2.20
\thm@style=\toks22
\thm@bodyfont=\toks23
\thm@headfont=\toks24
\thm@notefont=\toks25
\thm@headpunct=\toks26
\thm@preskip=\skip55
\thm@postskip=\skip56
\thm@headsep=\skip57
\dth@everypar=\toks27
)
(/usr/local/texlive/2014/texmf-dist/tex/latex/amsfonts/amssymb.sty
Package: amssymb 2013/01/14 v3.01 AMS font symbols

(/usr/local/texlive/2014/texmf-dist/tex/latex/amsfonts/amsfonts.sty
Package: amsfonts 2013/01/14 v3.01 Basic AMSFonts support
\symAMSa=\mathgroup6
\symAMSb=\mathgroup7
LaTeX Font Info:    Overwriting math alphabet `\mathfrak' in version `bold'
(Font)                  U/euf/m/n --> U/euf/b/n on input line 106.
))
(/usr/local/texlive/2014/texmf-dist/tex/latex/exercise/exercise.sty
Package: exercise 2012/05/08 v1.58 Exercise package (P.Pichaureau)

(/usr/local/texlive/2014/texmf-dist/tex/latex/base/ifthen.sty
Package: ifthen 2001/05/26 v1.1c Standard LaTeX ifthen package (DPC)
)
\ExerciseSkipBefore=\skip58
\ExerciseSkipAfter=\skip59
\Exesep=\skip60
\Exetopsep=\skip61
\Exeparsep=\skip62
\Exepartopsep=\skip63
\Exeleftmargin=\skip64
\Exerightmargin=\skip65
\Exelabelwidth=\skip66
\Exelabelsep=\skip67
\ExerciseBefore=\skip68
\QuestionBefore=\skip69
\subQuestionBefore=\skip70
\subsubQuestionBefore=\skip71
\QuestionIndent=\skip72
\subQuestionIndent=\skip73
\subsubQuestionIndent=\skip74
\c@Exercise=\count107
\c@Answer=\count108
\c@ExePart=\count109
\c@Question=\count110
\c@subQuestion=\count111
\c@subsubQuestion=\count112
\c@savedQuestion=\count113
\c@savedsubQuestion=\count114
\c@savedsubsubQuestion=\count115
\@QuestionLevel=\count116
\@Exercisebox=\box28
\all@Exercisebox=\box29
\temp@Exercisebox=\box30
\all@Answerbox=\box31
\temp@Answerbox=\box32
\ExerciseDifficulty=\count117
\QuestionDifficulty=\count118
\subQuestionDifficulty=\count119
\subsubQuestionDifficulty=\count120
\ExePartDifficulty=\count121
\@Answerbox=\box33
\colonnesLevel=\count122
\tempskipa=\skip75
\tempskipb=\skip76
\@savedmathindent=\skip77
)
(/usr/local/texlive/2014/texmf-dist/tex/latex/base/makeidx.sty
Package: makeidx 2000/03/29 v1.0m Standard LaTeX package
)
(/usr/local/texlive/2014/texmf-dist/tex/latex/setspace/setspace.sty
Package: setspace 2011/12/19 v6.7a set line spacing
)
(./hevea.sty
Package: hevea 2002/01/11
 (/usr/local/texlive/2014/texmf-dist/tex/latex/comment/comment.sty
\CommentStream=\write3

Excluding comment 'comment')
\c@cuttingdepth=\count123
 Excluding comment 'rawhtml'
Excluding comment 'htmlonly'
\@bgcolorbin=\box34
)
(/usr/local/texlive/2014/texmf-dist/tex/latex/base/alltt.sty
Package: alltt 1997/06/16 v2.0g defines alltt environment
)
(/usr/local/texlive/2014/texmf-dist/tex/latex/upquote/upquote.sty
Package: upquote 2012/04/19 v1.3 upright-quote and grave-accent glyphs in verba
tim

(/usr/local/texlive/2014/texmf-dist/tex/latex/base/textcomp.sty
Package: textcomp 2005/09/27 v1.99g Standard LaTeX package
Package textcomp Info: Sub-encoding information:
(textcomp)               5 = only ISO-Adobe without \textcurrency
(textcomp)               4 = 5 + \texteuro
(textcomp)               3 = 4 + \textohm
(textcomp)               2 = 3 + \textestimated + \textcurrency
(textcomp)               1 = TS1 - \textcircled - \t
(textcomp)               0 = TS1 (full)
(textcomp)             Font families with sub-encoding setting implement
(textcomp)             only a restricted character set as indicated.
(textcomp)             Family '?' is the default used for unknown fonts.
(textcomp)             See the documentation for details.
Package textcomp Info: Setting ? sub-encoding to TS1/1 on input line 71.

(/usr/local/texlive/2014/texmf-dist/tex/latex/base/ts1enc.def
File: ts1enc.def 2001/06/05 v3.0e (jk/car/fm) Standard LaTeX file
)
LaTeX Info: Redefining \oldstylenums on input line 266.
Package textcomp Info: Setting cmr sub-encoding to TS1/0 on input line 281.
Package textcomp Info: Setting cmss sub-encoding to TS1/0 on input line 282.
Package textcomp Info: Setting cmtt sub-encoding to TS1/0 on input line 283.
Package textcomp Info: Setting cmvtt sub-encoding to TS1/0 on input line 284.
Package textcomp Info: Setting cmbr sub-encoding to TS1/0 on input line 285.
Package textcomp Info: Setting cmtl sub-encoding to TS1/0 on input line 286.
Package textcomp Info: Setting ccr sub-encoding to TS1/0 on input line 287.
Package textcomp Info: Setting ptm sub-encoding to TS1/4 on input line 288.
Package textcomp Info: Setting pcr sub-encoding to TS1/4 on input line 289.
Package textcomp Info: Setting phv sub-encoding to TS1/4 on input line 290.
Package textcomp Info: Setting ppl sub-encoding to TS1/3 on input line 291.
Package textcomp Info: Setting pag sub-encoding to TS1/4 on input line 292.
Package textcomp Info: Setting pbk sub-encoding to TS1/4 on input line 293.
Package textcomp Info: Setting pnc sub-encoding to TS1/4 on input line 294.
Package textcomp Info: Setting pzc sub-encoding to TS1/4 on input line 295.
Package textcomp Info: Setting bch sub-encoding to TS1/4 on input line 296.
Package textcomp Info: Setting put sub-encoding to TS1/5 on input line 297.
Package textcomp Info: Setting uag sub-encoding to TS1/5 on input line 298.
Package textcomp Info: Setting ugq sub-encoding to TS1/5 on input line 299.
Package textcomp Info: Setting ul8 sub-encoding to TS1/4 on input line 300.
Package textcomp Info: Setting ul9 sub-encoding to TS1/4 on input line 301.
Package textcomp Info: Setting augie sub-encoding to TS1/5 on input line 302.
Package textcomp Info: Setting dayrom sub-encoding to TS1/3 on input line 303.
Package textcomp Info: Setting dayroms sub-encoding to TS1/3 on input line 304.

Package textcomp Info: Setting pxr sub-encoding to TS1/0 on input line 305.
Package textcomp Info: Setting pxss sub-encoding to TS1/0 on input line 306.
Package textcomp Info: Setting pxtt sub-encoding to TS1/0 on input line 307.
Package textcomp Info: Setting txr sub-encoding to TS1/0 on input line 308.
Package textcomp Info: Setting txss sub-encoding to TS1/0 on input line 309.
Package textcomp Info: Setting txtt sub-encoding to TS1/0 on input line 310.
Package textcomp Info: Setting lmr sub-encoding to TS1/0 on input line 311.
Package textcomp Info: Setting lmdh sub-encoding to TS1/0 on input line 312.
Package textcomp Info: Setting lmss sub-encoding to TS1/0 on input line 313.
Package textcomp Info: Setting lmssq sub-encoding to TS1/0 on input line 314.
Package textcomp Info: Setting lmvtt sub-encoding to TS1/0 on input line 315.
Package textcomp Info: Setting qhv sub-encoding to TS1/0 on input line 316.
Package textcomp Info: Setting qag sub-encoding to TS1/0 on input line 317.
Package textcomp Info: Setting qbk sub-encoding to TS1/0 on input line 318.
Package textcomp Info: Setting qcr sub-encoding to TS1/0 on input line 319.
Package textcomp Info: Setting qcs sub-encoding to TS1/0 on input line 320.
Package textcomp Info: Setting qpl sub-encoding to TS1/0 on input line 321.
Package textcomp Info: Setting qtm sub-encoding to TS1/0 on input line 322.
Package textcomp Info: Setting qzc sub-encoding to TS1/0 on input line 323.
Package textcomp Info: Setting qhvc sub-encoding to TS1/0 on input line 324.
Package textcomp Info: Setting futs sub-encoding to TS1/4 on input line 325.
Package textcomp Info: Setting futx sub-encoding to TS1/4 on input line 326.
Package textcomp Info: Setting futj sub-encoding to TS1/4 on input line 327.
Package textcomp Info: Setting hlh sub-encoding to TS1/3 on input line 328.
Package textcomp Info: Setting hls sub-encoding to TS1/3 on input line 329.
Package textcomp Info: Setting hlst sub-encoding to TS1/3 on input line 330.
Package textcomp Info: Setting hlct sub-encoding to TS1/5 on input line 331.
Package textcomp Info: Setting hlx sub-encoding to TS1/5 on input line 332.
Package textcomp Info: Setting hlce sub-encoding to TS1/5 on input line 333.
Package textcomp Info: Setting hlcn sub-encoding to TS1/5 on input line 334.
Package textcomp Info: Setting hlcw sub-encoding to TS1/5 on input line 335.
Package textcomp Info: Setting hlcf sub-encoding to TS1/5 on input line 336.
Package textcomp Info: Setting pplx sub-encoding to TS1/3 on input line 337.
Package textcomp Info: Setting pplj sub-encoding to TS1/3 on input line 338.
Package textcomp Info: Setting ptmx sub-encoding to TS1/4 on input line 339.
Package textcomp Info: Setting ptmj sub-encoding to TS1/4 on input line 340.
))
(/usr/local/texlive/2014/texmf-dist/tex/latex/base/fontenc.sty
Package: fontenc 2005/09/27 v1.99g Standard LaTeX package

(/usr/local/texlive/2014/texmf-dist/tex/latex/base/t1enc.def
File: t1enc.def 2005/09/27 v1.99g Standard LaTeX file
LaTeX Font Info:    Redeclaring font encoding T1 on input line 43.
))
(/usr/local/texlive/2014/texmf-dist/tex/latex/base/inputenc.sty
Package: inputenc 2014/04/30 v1.2b Input encoding file
\inpenc@prehook=\toks28
\inpenc@posthook=\toks29

(/usr/local/texlive/2014/texmf-dist/tex/latex/base/utf8.def
File: utf8.def 2008/04/05 v1.1m UTF-8 support for inputenc
Now handling font encoding OML ...
... no UTF-8 mapping file for font encoding OML
Now handling font encoding T1 ...
... processing UTF-8 mapping file for font encoding T1

(/usr/local/texlive/2014/texmf-dist/tex/latex/base/t1enc.dfu
File: t1enc.dfu 2008/04/05 v1.1m UTF-8 support for inputenc
   defining Unicode char U+00A1 (decimal 161)
   defining Unicode char U+00A3 (decimal 163)
   defining Unicode char U+00AB (decimal 171)
   defining Unicode char U+00BB (decimal 187)
   defining Unicode char U+00BF (decimal 191)
   defining Unicode char U+00C0 (decimal 192)
   defining Unicode char U+00C1 (decimal 193)
   defining Unicode char U+00C2 (decimal 194)
   defining Unicode char U+00C3 (decimal 195)
   defining Unicode char U+00C4 (decimal 196)
   defining Unicode char U+00C5 (decimal 197)
   defining Unicode char U+00C6 (decimal 198)
   defining Unicode char U+00C7 (decimal 199)
   defining Unicode char U+00C8 (decimal 200)
   defining Unicode char U+00C9 (decimal 201)
   defining Unicode char U+00CA (decimal 202)
   defining Unicode char U+00CB (decimal 203)
   defining Unicode char U+00CC (decimal 204)
   defining Unicode char U+00CD (decimal 205)
   defining Unicode char U+00CE (decimal 206)
   defining Unicode char U+00CF (decimal 207)
   defining Unicode char U+00D0 (decimal 208)
   defining Unicode char U+00D1 (decimal 209)
   defining Unicode char U+00D2 (decimal 210)
   defining Unicode char U+00D3 (decimal 211)
   defining Unicode char U+00D4 (decimal 212)
   defining Unicode char U+00D5 (decimal 213)
   defining Unicode char U+00D6 (decimal 214)
   defining Unicode char U+00D8 (decimal 216)
   defining Unicode char U+00D9 (decimal 217)
   defining Unicode char U+00DA (decimal 218)
   defining Unicode char U+00DB (decimal 219)
   defining Unicode char U+00DC (decimal 220)
   defining Unicode char U+00DD (decimal 221)
   defining Unicode char U+00DE (decimal 222)
   defining Unicode char U+00DF (decimal 223)
   defining Unicode char U+00E0 (decimal 224)
   defining Unicode char U+00E1 (decimal 225)
   defining Unicode char U+00E2 (decimal 226)
   defining Unicode char U+00E3 (decimal 227)
   defining Unicode char U+00E4 (decimal 228)
   defining Unicode char U+00E5 (decimal 229)
   defining Unicode char U+00E6 (decimal 230)
   defining Unicode char U+00E7 (decimal 231)
   defining Unicode char U+00E8 (decimal 232)
   defining Unicode char U+00E9 (decimal 233)
   defining Unicode char U+00EA (decimal 234)
   defining Unicode char U+00EB (decimal 235)
   defining Unicode char U+00EC (decimal 236)
   defining Unicode char U+00ED (decimal 237)
   defining Unicode char U+00EE (decimal 238)
   defining Unicode char U+00EF (decimal 239)
   defining Unicode char U+00F0 (decimal 240)
   defining Unicode char U+00F1 (decimal 241)
   defining Unicode char U+00F2 (decimal 242)
   defining Unicode char U+00F3 (decimal 243)
   defining Unicode char U+00F4 (decimal 244)
   defining Unicode char U+00F5 (decimal 245)
   defining Unicode char U+00F6 (decimal 246)
   defining Unicode char U+00F8 (decimal 248)
   defining Unicode char U+00F9 (decimal 249)
   defining Unicode char U+00FA (decimal 250)
   defining Unicode char U+00FB (decimal 251)
   defining Unicode char U+00FC (decimal 252)
   defining Unicode char U+00FD (decimal 253)
   defining Unicode char U+00FE (decimal 254)
   defining Unicode char U+00FF (decimal 255)
   defining Unicode char U+0102 (decimal 258)
   defining Unicode char U+0103 (decimal 259)
   defining Unicode char U+0104 (decimal 260)
   defining Unicode char U+0105 (decimal 261)
   defining Unicode char U+0106 (decimal 262)
   defining Unicode char U+0107 (decimal 263)
   defining Unicode char U+010C (decimal 268)
   defining Unicode char U+010D (decimal 269)
   defining Unicode char U+010E (decimal 270)
   defining Unicode char U+010F (decimal 271)
   defining Unicode char U+0110 (decimal 272)
   defining Unicode char U+0111 (decimal 273)
   defining Unicode char U+0118 (decimal 280)
   defining Unicode char U+0119 (decimal 281)
   defining Unicode char U+011A (decimal 282)
   defining Unicode char U+011B (decimal 283)
   defining Unicode char U+011E (decimal 286)
   defining Unicode char U+011F (decimal 287)
   defining Unicode char U+0130 (decimal 304)
   defining Unicode char U+0131 (decimal 305)
   defining Unicode char U+0132 (decimal 306)
   defining Unicode char U+0133 (decimal 307)
   defining Unicode char U+0139 (decimal 313)
   defining Unicode char U+013A (decimal 314)
   defining Unicode char U+013D (decimal 317)
   defining Unicode char U+013E (decimal 318)
   defining Unicode char U+0141 (decimal 321)
   defining Unicode char U+0142 (decimal 322)
   defining Unicode char U+0143 (decimal 323)
   defining Unicode char U+0144 (decimal 324)
   defining Unicode char U+0147 (decimal 327)
   defining Unicode char U+0148 (decimal 328)
   defining Unicode char U+014A (decimal 330)
   defining Unicode char U+014B (decimal 331)
   defining Unicode char U+0150 (decimal 336)
   defining Unicode char U+0151 (decimal 337)
   defining Unicode char U+0152 (decimal 338)
   defining Unicode char U+0153 (decimal 339)
   defining Unicode char U+0154 (decimal 340)
   defining Unicode char U+0155 (decimal 341)
   defining Unicode char U+0158 (decimal 344)
   defining Unicode char U+0159 (decimal 345)
   defining Unicode char U+015A (decimal 346)
   defining Unicode char U+015B (decimal 347)
   defining Unicode char U+015E (decimal 350)
   defining Unicode char U+015F (decimal 351)
   defining Unicode char U+0160 (decimal 352)
   defining Unicode char U+0161 (decimal 353)
   defining Unicode char U+0162 (decimal 354)
   defining Unicode char U+0163 (decimal 355)
   defining Unicode char U+0164 (decimal 356)
   defining Unicode char U+0165 (decimal 357)
   defining Unicode char U+016E (decimal 366)
   defining Unicode char U+016F (decimal 367)
   defining Unicode char U+0170 (decimal 368)
   defining Unicode char U+0171 (decimal 369)
   defining Unicode char U+0178 (decimal 376)
   defining Unicode char U+0179 (decimal 377)
   defining Unicode char U+017A (decimal 378)
   defining Unicode char U+017B (decimal 379)
   defining Unicode char U+017C (decimal 380)
   defining Unicode char U+017D (decimal 381)
   defining Unicode char U+017E (decimal 382)
   defining Unicode char U+200C (decimal 8204)
   defining Unicode char U+2013 (decimal 8211)
   defining Unicode char U+2014 (decimal 8212)
   defining Unicode char U+2018 (decimal 8216)
   defining Unicode char U+2019 (decimal 8217)
   defining Unicode char U+201A (decimal 8218)
   defining Unicode char U+201C (decimal 8220)
   defining Unicode char U+201D (decimal 8221)
   defining Unicode char U+201E (decimal 8222)
   defining Unicode char U+2030 (decimal 8240)
   defining Unicode char U+2031 (decimal 8241)
   defining Unicode char U+2039 (decimal 8249)
   defining Unicode char U+203A (decimal 8250)
   defining Unicode char U+2423 (decimal 9251)
)
Now handling font encoding OT1 ...
... processing UTF-8 mapping file for font encoding OT1

(/usr/local/texlive/2014/texmf-dist/tex/latex/base/ot1enc.dfu
File: ot1enc.dfu 2008/04/05 v1.1m UTF-8 support for inputenc
   defining Unicode char U+00A1 (decimal 161)
   defining Unicode char U+00A3 (decimal 163)
   defining Unicode char U+00B8 (decimal 184)
   defining Unicode char U+00BF (decimal 191)
   defining Unicode char U+00C5 (decimal 197)
   defining Unicode char U+00C6 (decimal 198)
   defining Unicode char U+00D8 (decimal 216)
   defining Unicode char U+00DF (decimal 223)
   defining Unicode char U+00E6 (decimal 230)
   defining Unicode char U+00EC (decimal 236)
   defining Unicode char U+00ED (decimal 237)
   defining Unicode char U+00EE (decimal 238)
   defining Unicode char U+00EF (decimal 239)
   defining Unicode char U+00F8 (decimal 248)
   defining Unicode char U+0131 (decimal 305)
   defining Unicode char U+0141 (decimal 321)
   defining Unicode char U+0142 (decimal 322)
   defining Unicode char U+0152 (decimal 338)
   defining Unicode char U+0153 (decimal 339)
   defining Unicode char U+2013 (decimal 8211)
   defining Unicode char U+2014 (decimal 8212)
   defining Unicode char U+2018 (decimal 8216)
   defining Unicode char U+2019 (decimal 8217)
   defining Unicode char U+201C (decimal 8220)
   defining Unicode char U+201D (decimal 8221)
)
Now handling font encoding OMS ...
... processing UTF-8 mapping file for font encoding OMS

(/usr/local/texlive/2014/texmf-dist/tex/latex/base/omsenc.dfu
File: omsenc.dfu 2008/04/05 v1.1m UTF-8 support for inputenc
   defining Unicode char U+00A7 (decimal 167)
   defining Unicode char U+00B6 (decimal 182)
   defining Unicode char U+00B7 (decimal 183)
   defining Unicode char U+2020 (decimal 8224)
   defining Unicode char U+2021 (decimal 8225)
   defining Unicode char U+2022 (decimal 8226)
)
Now handling font encoding OMX ...
... no UTF-8 mapping file for font encoding OMX
Now handling font encoding U ...
... no UTF-8 mapping file for font encoding U
Now handling font encoding TS1 ...
... processing UTF-8 mapping file for font encoding TS1

(/usr/local/texlive/2014/texmf-dist/tex/latex/base/ts1enc.dfu
File: ts1enc.dfu 2008/04/05 v1.1m UTF-8 support for inputenc
   defining Unicode char U+00A2 (decimal 162)
   defining Unicode char U+00A3 (decimal 163)
   defining Unicode char U+00A4 (decimal 164)
   defining Unicode char U+00A5 (decimal 165)
   defining Unicode char U+00A6 (decimal 166)
   defining Unicode char U+00A7 (decimal 167)
   defining Unicode char U+00A8 (decimal 168)
   defining Unicode char U+00A9 (decimal 169)
   defining Unicode char U+00AA (decimal 170)
   defining Unicode char U+00AC (decimal 172)
   defining Unicode char U+00AE (decimal 174)
   defining Unicode char U+00AF (decimal 175)
   defining Unicode char U+00B0 (decimal 176)
   defining Unicode char U+00B1 (decimal 177)
   defining Unicode char U+00B2 (decimal 178)
   defining Unicode char U+00B3 (decimal 179)
   defining Unicode char U+00B4 (decimal 180)
   defining Unicode char U+00B5 (decimal 181)
   defining Unicode char U+00B6 (decimal 182)
   defining Unicode char U+00B7 (decimal 183)
   defining Unicode char U+00B9 (decimal 185)
   defining Unicode char U+00BA (decimal 186)
   defining Unicode char U+00BC (decimal 188)
   defining Unicode char U+00BD (decimal 189)
   defining Unicode char U+00BE (decimal 190)
   defining Unicode char U+00D7 (decimal 215)
   defining Unicode char U+00F7 (decimal 247)
   defining Unicode char U+0192 (decimal 402)
   defining Unicode char U+02C7 (decimal 711)
   defining Unicode char U+02D8 (decimal 728)
   defining Unicode char U+02DD (decimal 733)
   defining Unicode char U+0E3F (decimal 3647)
   defining Unicode char U+2016 (decimal 8214)
   defining Unicode char U+2020 (decimal 8224)
   defining Unicode char U+2021 (decimal 8225)
   defining Unicode char U+2022 (decimal 8226)
   defining Unicode char U+2030 (decimal 8240)
   defining Unicode char U+2031 (decimal 8241)
   defining Unicode char U+203B (decimal 8251)
   defining Unicode char U+203D (decimal 8253)
   defining Unicode char U+2044 (decimal 8260)
   defining Unicode char U+204E (decimal 8270)
   defining Unicode char U+2052 (decimal 8274)
   defining Unicode char U+20A1 (decimal 8353)
   defining Unicode char U+20A4 (decimal 8356)
   defining Unicode char U+20A6 (decimal 8358)
   defining Unicode char U+20A9 (decimal 8361)
   defining Unicode char U+20AB (decimal 8363)
   defining Unicode char U+20AC (decimal 8364)
   defining Unicode char U+20B1 (decimal 8369)
   defining Unicode char U+2103 (decimal 8451)
   defining Unicode char U+2116 (decimal 8470)
   defining Unicode char U+2117 (decimal 8471)
   defining Unicode char U+211E (decimal 8478)
   defining Unicode char U+2120 (decimal 8480)
   defining Unicode char U+2122 (decimal 8482)
   defining Unicode char U+2126 (decimal 8486)
   defining Unicode char U+2127 (decimal 8487)
   defining Unicode char U+212E (decimal 8494)
   defining Unicode char U+2190 (decimal 8592)
   defining Unicode char U+2191 (decimal 8593)
   defining Unicode char U+2192 (decimal 8594)
   defining Unicode char U+2193 (decimal 8595)
   defining Unicode char U+2329 (decimal 9001)
   defining Unicode char U+232A (decimal 9002)
   defining Unicode char U+2422 (decimal 9250)
   defining Unicode char U+25E6 (decimal 9702)
   defining Unicode char U+25EF (decimal 9711)
   defining Unicode char U+266A (decimal 9834)
)
   defining Unicode char U+00A9 (decimal 169)
   defining Unicode char U+00AA (decimal 170)
   defining Unicode char U+00AE (decimal 174)
   defining Unicode char U+00BA (decimal 186)
   defining Unicode char U+02C6 (decimal 710)
   defining Unicode char U+02DC (decimal 732)
   defining Unicode char U+200C (decimal 8204)
   defining Unicode char U+2026 (decimal 8230)
   defining Unicode char U+2122 (decimal 8482)
   defining Unicode char U+2423 (decimal 9251)
))
(/usr/local/texlive/2014/texmf-dist/tex/generic/babel/babel.sty
Package: babel 2014/03/24 3.9k The Babel package

(/usr/local/texlive/2014/texmf-dist/tex/generic/babel-italian/italian.ldf
Language: italian 2014/03/29 v1.3k Italian support from the babel system

(/usr/local/texlive/2014/texmf-dist/tex/generic/babel/babel.def
File: babel.def 2014/03/24 3.9k Babel common definitions
\babel@savecnt=\count124
\U@D=\dimen130
)
\it@lettering=\count125
\it@doublequoteactive=\count126
\it@ISOcompliance=\count127
\Virgola=\count128
))
(/usr/local/texlive/2014/texmf-dist/tex/latex/etoolbox/etoolbox.sty
Package: etoolbox 2011/01/03 v2.1 e-TeX tools for LaTeX

(/usr/local/texlive/2014/texmf-dist/tex/latex/etex-pkg/etex.sty
Package: etex 1998/03/26 v2.0 eTeX basic definition package (PEB)
\et@xins=\count129
)
\etb@tempcnta=\count130
)
\@indexfile=\write4
\openout4 = `book.idx'.


Writing index file book.idx
(./book.aux)
\openout1 = `book.aux'.

LaTeX Font Info:    Checking defaults for OML/cmm/m/it on input line 29.
LaTeX Font Info:    ... okay on input line 29.
LaTeX Font Info:    Checking defaults for T1/cmr/m/n on input line 29.
LaTeX Font Info:    ... okay on input line 29.
LaTeX Font Info:    Checking defaults for OT1/cmr/m/n on input line 29.
LaTeX Font Info:    ... okay on input line 29.
LaTeX Font Info:    Checking defaults for OMS/pzccm/m/n on input line 29.
LaTeX Font Info:    Try loading font information for OMS+pzccm on input line 29
.
 (/usr/local/texlive/2014/texmf-dist/tex/latex/psnfss/omspzccm.fd
File: omspzccm.fd 2000/01/03 Fontinst v1.801 font definitions for OMS/pzccm.
)
LaTeX Font Info:    ... okay on input line 29.
LaTeX Font Info:    Checking defaults for OMX/cmex/m/n on input line 29.
LaTeX Font Info:    ... okay on input line 29.
LaTeX Font Info:    Checking defaults for U/cmr/m/n on input line 29.
LaTeX Font Info:    ... okay on input line 29.
LaTeX Font Info:    Checking defaults for TS1/cmr/m/n on input line 29.
LaTeX Font Info:    Try loading font information for TS1+cmr on input line 29.

(/usr/local/texlive/2014/texmf-dist/tex/latex/base/ts1cmr.fd
File: ts1cmr.fd 1999/05/25 v2.5h Standard LaTeX font definitions
)
LaTeX Font Info:    ... okay on input line 29.

*geometry* driver: auto-detecting
*geometry* detected driver: pdftex
*geometry* verbose mode - [ preamble ] result:
* driver: pdftex
* paper: custom
* layout: <same size as paper>
* layoutoffset:(h,v)=(0.0pt,0.0pt)
* bindingoffset: 54.2025pt
* modes: twoside heightrounded truedimen 
* h-part:(L,W,R)=(36.135pt, 357.01398pt, 45.16873pt)
* v-part:(T,H,B)=(45.16873pt, 622.24477pt, 45.16873pt)
* \paperwidth=492.5202pt
* \paperheight=712.58223pt
* \textwidth=357.01398pt
* \textheight=623.00027pt
* \oddsidemargin=18.0675pt
* \evensidemargin=-27.10126pt
* \topmargin=-58.97505pt
* \headheight=12.0pt
* \headsep=19.8738pt
* \topskip=11.0pt
* \footskip=27.46295pt
* \marginparwidth=116.0pt
* \marginparsep=7.0pt
* \columnsep=10.0pt
* \skip\footins=10.0pt plus 4.0pt minus 2.0pt
* \hoffset=0.0pt
* \voffset=0.0pt
* \mag=1000
* \@twocolumnfalse
* \@twosidetrue
* \@mparswitchtrue
* \@reversemarginfalse
* (1in=72.27pt=25.4mm, 1cm=28.453pt)

(/usr/local/texlive/2014/texmf-dist/tex/context/base/supp-pdf.mkii
[Loading MPS to PDF converter (version 2006.09.02).]
\scratchcounter=\count131
\scratchdimen=\dimen131
\scratchbox=\box35
\nofMPsegments=\count132
\nofMParguments=\count133
\everyMPshowfont=\toks30
\MPscratchCnt=\count134
\MPscratchDim=\dimen132
\MPnumerator=\count135
\makeMPintoPDFobject=\count136
\everyMPtoPDFconversion=\toks31
) (/usr/local/texlive/2014/texmf-dist/tex/generic/oberdiek/pdftexcmds.sty
Package: pdftexcmds 2011/11/29 v0.20 Utility functions of pdfTeX for LuaTeX (HO
)

(/usr/local/texlive/2014/texmf-dist/tex/generic/oberdiek/ifluatex.sty
Package: ifluatex 2010/03/01 v1.3 Provides the ifluatex switch (HO)
Package ifluatex Info: LuaTeX not detected.
)
Package pdftexcmds Info: LuaTeX not detected.
Package pdftexcmds Info: \pdf@primitive is available.
Package pdftexcmds Info: \pdf@ifprimitive is available.
Package pdftexcmds Info: \pdfdraftmode found.
)
(/usr/local/texlive/2014/texmf-dist/tex/latex/oberdiek/epstopdf-base.sty
Package: epstopdf-base 2010/02/09 v2.5 Base part for package epstopdf

(/usr/local/texlive/2014/texmf-dist/tex/latex/oberdiek/grfext.sty
Package: grfext 2010/08/19 v1.1 Manage graphics extensions (HO)

(/usr/local/texlive/2014/texmf-dist/tex/generic/oberdiek/kvdefinekeys.sty
Package: kvdefinekeys 2011/04/07 v1.3 Define keys (HO)
))
(/usr/local/texlive/2014/texmf-dist/tex/latex/oberdiek/kvoptions.sty
Package: kvoptions 2011/06/30 v3.11 Key value format for package options (HO)

(/usr/local/texlive/2014/texmf-dist/tex/generic/oberdiek/kvsetkeys.sty
Package: kvsetkeys 2012/04/25 v1.16 Key value parser (HO)

(/usr/local/texlive/2014/texmf-dist/tex/generic/oberdiek/etexcmds.sty
Package: etexcmds 2011/02/16 v1.5 Avoid name clashes with e-TeX commands (HO)
Package etexcmds Info: Could not find \expanded.
(etexcmds)             That can mean that you are not using pdfTeX 1.50 or
(etexcmds)             that some package has redefined \expanded.
(etexcmds)             In the latter case, load this package earlier.
)))
Package grfext Info: Graphics extension search list:
(grfext)             [.png,.pdf,.jpg,.mps,.jpeg,.jbig2,.jb2,.PNG,.PDF,.JPG,.JPE
G,.JBIG2,.JB2,.eps]
(grfext)             \AppendGraphicsExtensions on input line 452.

(/usr/local/texlive/2014/texmf-dist/tex/latex/latexconfig/epstopdf-sys.cfg
File: epstopdf-sys.cfg 2010/07/13 v1.3 Configuration of (r)epstopdf for TeX Liv
e
))
LaTeX Info: Redefining \it@ocap on input line 29.
LaTeX Info: Redefining \it@ccap on input line 29.

(./00-cover.tex (./latexonly)
\c@ex=\count137
 [1


{/usr/local/texlive/2014/texmf-var/fonts/map/pdftex/updmap/pdftex.map}]
LaTeX Font Info:    Try loading font information for TS1+ptm on input line 44.

(/usr/local/texlive/2014/texmf-dist/tex/latex/psnfss/ts1ptm.fd
File: ts1ptm.fd 2001/06/04 font definitions for TS1/ptm.
)
LaTeX Font Info:    Font shape `T1/ptm/bx/n' in size <10> not available
(Font)              Font shape `T1/ptm/b/n' tried instead on input line 51.
LaTeX Font Info:    Try loading font information for OT1+ptmcm on input line 82
.

(/usr/local/texlive/2014/texmf-dist/tex/latex/psnfss/ot1ptmcm.fd
File: ot1ptmcm.fd 2000/01/03 Fontinst v1.801 font definitions for OT1/ptmcm.
)
LaTeX Font Info:    Try loading font information for OML+ptmcm on input line 82
.

(/usr/local/texlive/2014/texmf-dist/tex/latex/psnfss/omlptmcm.fd
File: omlptmcm.fd 2000/01/03 Fontinst v1.801 font definitions for OML/ptmcm.
)
LaTeX Font Info:    Try loading font information for OMX+psycm on input line 82
.

(/usr/local/texlive/2014/texmf-dist/tex/latex/psnfss/omxpsycm.fd
File: omxpsycm.fd 2000/01/03 Fontinst v1.801 font definitions for OMX/psycm.
)
LaTeX Font Info:    Font shape `OT1/ptm/bx/n' in size <10> not available
(Font)              Font shape `OT1/ptm/b/n' tried instead on input line 82.
LaTeX Font Info:    Font shape `OT1/ptm/bx/n' in size <7.4> not available
(Font)              Font shape `OT1/ptm/b/n' tried instead on input line 82.
LaTeX Font Info:    Font shape `OT1/ptm/bx/n' in size <6> not available
(Font)              Font shape `OT1/ptm/b/n' tried instead on input line 82.
LaTeX Font Info:    Try loading font information for U+msa on input line 82.

(/usr/local/texlive/2014/texmf-dist/tex/latex/amsfonts/umsa.fd
File: umsa.fd 2013/01/14 v3.01 AMS symbols A
)
LaTeX Font Info:    Try loading font information for U+msb on input line 82.

(/usr/local/texlive/2014/texmf-dist/tex/latex/amsfonts/umsb.fd
File: umsb.fd 2013/01/14 v3.01 AMS symbols B
)
Excluding 'htmlonly' comment.) (./00-preface.tex [2]
LaTeX Font Info:    Font shape `T1/ptm/bx/n' in size <24.88> not available
(Font)              Font shape `T1/ptm/b/n' tried instead on input line 4.
LaTeX Font Info:    Font shape `T1/ptm/bx/n' in size <14.4> not available
(Font)              Font shape `T1/ptm/b/n' tried instead on input line 6.
LaTeX Font Info:    Font shape `T1/ptm/bx/n' in size <10.95> not available
(Font)              Font shape `T1/ptm/b/n' tried instead on input line 13.
LaTeX Font Info:    Font shape `OT1/ptm/bx/n' in size <10.95> not available
(Font)              Font shape `OT1/ptm/b/n' tried instead on input line 21.
LaTeX Font Info:    Font shape `OT1/ptm/bx/n' in size <8> not available
(Font)              Font shape `OT1/ptm/b/n' tried instead on input line 21.
LaTeX Font Info:    Font shape `OT1/ptm/bx/n' in size <9> not available
(Font)              Font shape `OT1/ptm/b/n' tried instead on input line 21.
LaTeX Font Info:    Font shape `OT1/ptm/bx/n' in size <7> not available
(Font)              Font shape `OT1/ptm/b/n' tried instead on input line 21.
LaTeX Font Info:    Font shape `OT1/ptm/bx/n' in size <5> not available
(Font)              Font shape `OT1/ptm/b/n' tried instead on input line 21.


Package Fancyhdr Warning: \headheight is too small (12.0pt): 
 Make it at least 13.59999pt.
 We now make it that large for the rest of the document.
 This may cause the page layout to be inconsistent, however.

[3

] [4] (./book.toc [5


] [6] [7] [8] [9] [10])
\tf@toc=\write5
\openout5 = `book.toc'.

 [11] [12

]) (./01-intro.tex
Capitolo 1.
LaTeX Font Info:    Font shape `T1/ptm/bx/n' in size <20.74> not available
(Font)              Font shape `T1/ptm/b/n' tried instead on input line 4.
Package epstopdf Info: Source file: <figs2/pda.eps>
(epstopdf)                    date: 2016-01-06 10:18:27
(epstopdf)                    size: 5816 bytes
(epstopdf)             Output file: <figs2/pda-eps-converted-to.pdf>
(epstopdf)                    date: 2016-01-06 22:49:13
(epstopdf)                    size: 5514 bytes
(epstopdf)             Command: <repstopdf --outfile=figs2/pda-eps-converted-to
.pdf figs2/pda.eps>
(epstopdf)             \includegraphics on input line 12.
Package epstopdf Info: Output file is already uptodate.
<figs2/pda-eps-converted-to.pdf, id=44, 191.71625pt x 96.36pt>
File: figs2/pda-eps-converted-to.pdf Graphic file (type pdf)

<use figs2/pda-eps-converted-to.pdf>
Package pdftex.def Info: figs2/pda-eps-converted-to.pdf used on input line 12.
(pdftex.def)             Requested size: 143.78682pt x 72.26999pt.
 [1



 <./figs2/pda-eps-converted-to.pdf>]
Underfull \hbox (badness 1460) in paragraph at lines 41--42
[]\T1/ptm/m/n/10.95 In al-cu-ne si-tua-zio-ni, quan-do sce-gli un pro-gram-ma, 
i pro-gram-ma-to-ri so-no
 []

Package epstopdf Info: Source file: <figs2/pda2.eps>
(epstopdf)                    date: 2016-01-06 10:18:27
(epstopdf)                    size: 5807 bytes
(epstopdf)             Output file: <figs2/pda2-eps-converted-to.pdf>
(epstopdf)                    date: 2016-01-06 22:49:14
(epstopdf)                    size: 5800 bytes
(epstopdf)             Command: <repstopdf --outfile=figs2/pda2-eps-converted-t
o.pdf figs2/pda2.eps>
(epstopdf)             \includegraphics on input line 48.
Package epstopdf Info: Output file is already uptodate.
<figs2/pda2-eps-converted-to.pdf, id=54, 191.71625pt x 96.36pt>
File: figs2/pda2-eps-converted-to.pdf Graphic file (type pdf)

<use figs2/pda2-eps-converted-to.pdf>
Package pdftex.def Info: figs2/pda2-eps-converted-to.pdf used on input line 48.

(pdftex.def)             Requested size: 143.78682pt x 72.26999pt.
 [2 <./figs2/pda2-eps-converted-to.pdf>]
Package epstopdf Info: Source file: <figs2/arch.eps>
(epstopdf)                    date: 2016-01-06 10:18:27
(epstopdf)                    size: 5625 bytes
(epstopdf)             Output file: <figs2/arch-eps-converted-to.pdf>
(epstopdf)                    date: 2016-01-06 22:49:15
(epstopdf)                    size: 8110 bytes
(epstopdf)             Command: <repstopdf --outfile=figs2/arch-eps-converted-t
o.pdf figs2/arch.eps>
(epstopdf)             \includegraphics on input line 60.
Package epstopdf Info: Output file is already uptodate.

<figs2/arch-eps-converted-to.pdf, id=63, 437.635pt x 256.96pt>
File: figs2/arch-eps-converted-to.pdf Graphic file (type pdf)

<use figs2/arch-eps-converted-to.pdf>
Package pdftex.def Info: figs2/arch-eps-converted-to.pdf used on input line 60.

(pdftex.def)             Requested size: 307.71802pt x 180.67499pt.
 [3 <./figs2/arch-eps-converted-to.pdf>]
Package epstopdf Info: Source file: <figs2/arch2.eps>
(epstopdf)                    date: 2016-01-06 10:18:27
(epstopdf)                    size: 6366 bytes
(epstopdf)             Output file: <figs2/arch2-eps-converted-to.pdf>
(epstopdf)                    date: 2016-01-06 22:49:16
(epstopdf)                    size: 8427 bytes
(epstopdf)             Command: <repstopdf --outfile=figs2/arch2-eps-converted-
to.pdf figs2/arch2.eps>
(epstopdf)             \includegraphics on input line 90.
Package epstopdf Info: Output file is already uptodate.

<figs2/arch2-eps-converted-to.pdf, id=72, 437.635pt x 256.96pt>
File: figs2/arch2-eps-converted-to.pdf Graphic file (type pdf)

<use figs2/arch2-eps-converted-to.pdf>
Package pdftex.def Info: figs2/arch2-eps-converted-to.pdf used on input line 90
.
(pdftex.def)             Requested size: 307.71802pt x 180.67499pt.
 [4 <./figs2/arch2-eps-converted-to.pdf>] [5]
LaTeX Font Info:    Try loading font information for TS1+pcr on input line 150.

 (/usr/local/texlive/2014/texmf-dist/tex/latex/psnfss/ts1pcr.fd
File: ts1pcr.fd 2001/06/04 font definitions for TS1/pcr.
) [6]
Overfull \hbox (56.08432pt too wide) in paragraph at lines 215--215
[]                                                                             
            \T1/pcr/m/n/9 ^[] 
 []

[7] [8] [9]
Underfull \hbox (badness 1342) in paragraph at lines 302--303
[]\T1/ptm/m/n/10.95 Se tu apris-si un fi-le ese-gui-bi-le con un edi-tor di te-
sto, es-so sem-bre-reb-be
 []

[10] [11] [12]
Underfull \hbox (badness 1817) in paragraph at lines 424--425
[]\T1/ptm/m/n/10.95 Controlla cer-te con-di-zio-ni ed ese-gue o sal-ta una
 []


Underfull \hbox (badness 1460) in paragraph at lines 427--428
[]\T1/ptm/m/n/10.95 Controlla cer-te con-di-zio-ni ed ese-gue o sal-ta una
 []

[13] [14] [15] [16] [17]) (./02-variables.tex [18]
Capitolo 2.
LaTeX Font Info:    Font shape `T1/ptm/bx/it' in size <10.95> not available
(Font)              Font shape `T1/ptm/b/it' tried instead on input line 38.
[19

] [20]
Underfull \hbox (badness 5331) in paragraph at lines 146--148
[]\T1/ptm/m/n/10.95 Il ca-rat-te-re di sot-to-li-nea-tu-ra (\T1/ptm/m/it/10.95 
un-der-sco-re\T1/ptm/m/n/10.95 ) ([]\T1/pcr/m/n/10.95 _\T1/ptm/m/n/10.95 ) può 
ap-pa-ri-re in un no-
 []


Underfull \hbox (badness 1527) in paragraph at lines 146--148
\T1/ptm/m/n/10.95 me. E' spes-so usa-to nei no-mi con più pa-ro-le, ad esem-pio
 []\T1/pcr/m/n/10.95 my_name \T1/ptm/m/n/10.95 o
 []

[21] [22] [23]
LaTeX Font Info:    Font shape `T1/phv/m/n' will be
(Font)              scaled to size 9.85492pt on input line 445.
 [24] [25] [26] [27] [28]
Underfull \hbox (badness 1297) in paragraph at lines 771--774
[]\T1/ptm/m/n/10.95 The ope-ra-tion that di-vi-des two num-bers and chops off t
he
 []

[29]) (./03-conditional.tex [30]
Capitolo 3.
[31

]
Package epstopdf Info: Source file: <figs2/if.eps>
(epstopdf)                    date: 2016-01-06 10:18:27
(epstopdf)                    size: 17112 bytes
(epstopdf)             Output file: <figs2/if-eps-converted-to.pdf>
(epstopdf)                    date: 2016-01-06 22:49:17
(epstopdf)                    size: 8226 bytes
(epstopdf)             Command: <repstopdf --outfile=figs2/if-eps-converted-to.
pdf figs2/if.eps>
(epstopdf)             \includegraphics on input line 141.
Package epstopdf Info: Output file is already uptodate.
 <figs2/if-eps-converted-to.pdf, id=173, 536.0025pt x 306.14375pt>
File: figs2/if-eps-converted-to.pdf Graphic file (type pdf)

<use figs2/if-eps-converted-to.pdf>
Package pdftex.def Info: figs2/if-eps-converted-to.pdf used on input line 141.
(pdftex.def)             Requested size: 221.43091pt x 126.47249pt.
 [32 <./figs2/if-eps-converted-to.pdf>]
Package epstopdf Info: Source file: <figs2/if-else.eps>
(epstopdf)                    date: 2016-01-06 10:18:27
(epstopdf)                    size: 19476 bytes
(epstopdf)             Output file: <figs2/if-else-eps-converted-to.pdf>
(epstopdf)                    date: 2016-01-06 22:49:18
(epstopdf)                    size: 8881 bytes
(epstopdf)             Command: <repstopdf --outfile=figs2/if-else-eps-converte
d-to.pdf figs2/if-else.eps>
(epstopdf)             \includegraphics on input line 218.
Package epstopdf Info: Output file is already uptodate.

<figs2/if-else-eps-converted-to.pdf, id=183, 815.045pt x 308.15125pt>
File: figs2/if-else-eps-converted-to.pdf Graphic file (type pdf)

<use figs2/if-else-eps-converted-to.pdf>
Package pdftex.def Info: figs2/if-else-eps-converted-to.pdf used on input line 
218.
(pdftex.def)             Requested size: 334.5064pt x 126.47249pt.

Underfull \vbox (badness 2205) has occurred while \output is active []

 [33]
Package epstopdf Info: Source file: <figs2/elif.eps>
(epstopdf)                    date: 2016-01-06 10:18:27
(epstopdf)                    size: 19332 bytes
(epstopdf)             Output file: <figs2/elif-eps-converted-to.pdf>
(epstopdf)                    date: 2016-01-06 22:49:19
(epstopdf)                    size: 8800 bytes
(epstopdf)             Command: <repstopdf --outfile=figs2/elif-eps-converted-t
o.pdf figs2/elif.eps>
(epstopdf)             \includegraphics on input line 252.
Package epstopdf Info: Output file is already uptodate.

<figs2/elif-eps-converted-to.pdf, id=187, 573.14125pt x 552.0625pt>
File: figs2/elif-eps-converted-to.pdf Graphic file (type pdf)

<use figs2/elif-eps-converted-to.pdf>
Package pdftex.def Info: figs2/elif-eps-converted-to.pdf used on input line 252
.
(pdftex.def)             Requested size: 225.08961pt x 216.81pt.
 [34 <./figs2/if-else-eps-converted-to.pdf> <./figs2/elif-eps-converted-to.pdf>
]
Package epstopdf Info: Source file: <figs2/nested.eps>
(epstopdf)                    date: 2016-01-06 10:18:27
(epstopdf)                    size: 20430 bytes
(epstopdf)             Output file: <figs2/nested-eps-converted-to.pdf>
(epstopdf)                    date: 2016-01-06 22:49:20
(epstopdf)                    size: 9087 bytes
(epstopdf)             Command: <repstopdf --outfile=figs2/nested-eps-converted
-to.pdf figs2/nested.eps>
(epstopdf)             \includegraphics on input line 307.
Package epstopdf Info: Output file is already uptodate.

<figs2/nested-eps-converted-to.pdf, id=203, 1047.915pt x 499.8675pt>
File: figs2/nested-eps-converted-to.pdf Graphic file (type pdf)

<use figs2/nested-eps-converted-to.pdf>
Package pdftex.def Info: figs2/nested-eps-converted-to.pdf used on input line 3
07.
(pdftex.def)             Requested size: 378.76814pt x 180.67499pt.
 [35 <./figs2/nested-eps-converted-to.pdf>] [36] [37] [38] [39]
Underfull \hbox (badness 2111) in paragraph at lines 635--638
[]\T1/ptm/m/n/10.95 One of the al-ter-na-ti-ve se-quen-ces of sta-te-men-ts in 
a con-di-tio-nal
 []


Underfull \hbox (badness 2547) in paragraph at lines 639--643
[]\T1/ptm/m/n/10.95 A con-di-tio-nal sta-te-ment with a se-ries of al-ter-na-ti
-ve
 []


Underfull \hbox (badness 5050) in paragraph at lines 647--651
[]\T1/ptm/m/n/10.95 A sta-te-ment that con-trols the flow of exe-cu-tion
 []

[40]) (./04-functions.tex [41] [42

]
Capitolo 4.
[43] [44] [45] [46] [47]
Underfull \hbox (badness 10000) in paragraph at lines 499--504
\T1/ptm/m/n/10.95 This pro-gram con-tains two func-tion de-fi-ni-tions: []\T1/p
cr/m/n/10.95 print_lyrics \T1/ptm/m/n/10.95 and
 []

[48] [49] [50] [51] [52] [53] [54]) (./05-iterations.tex [55] [56

]
Capitolo 5.
[57] [58] [59] [60]
LaTeX Font Info:    Font shape `T1/ptm/bx/n' in size <12> not available
(Font)              Font shape `T1/ptm/b/n' tried instead on input line 345.
 [61] [62] [63] [64]) (./06-strings.tex [65] [66

]
Capitolo 6.
Package epstopdf Info: Source file: <figs2/string.eps>
(epstopdf)                    date: 2016-01-06 10:18:27
(epstopdf)                    size: 29582 bytes
(epstopdf)             Output file: <figs2/string-eps-converted-to.pdf>
(epstopdf)                    date: 2016-01-06 22:49:21
(epstopdf)                    size: 13086 bytes
(epstopdf)             Command: <repstopdf --outfile=figs2/string-eps-converted
-to.pdf figs2/string.eps>
(epstopdf)             \includegraphics on input line 59.
Package epstopdf Info: Output file is already uptodate.
<figs2/string-eps-converted-to.pdf, id=312, 299.1175pt x 63.23625pt>
File: figs2/string-eps-converted-to.pdf Graphic file (type pdf)

<use figs2/string-eps-converted-to.pdf>
Package pdftex.def Info: figs2/string-eps-converted-to.pdf used on input line 5
9.
(pdftex.def)             Requested size: 170.92776pt x 36.135pt.
 [67 <./figs2/string-eps-converted-to.pdf>] [68] [69] [70] [71]
Underfull \hbox (badness 2103) in paragraph at lines 458--460
[]\T1/ptm/m/n/10.95 Instead of the func-tion syn-tax \T1/pcr/m/n/10.95 upper(wo
rd)\T1/ptm/m/n/10.95 , it uses the me-thod syn-tax
 []

[72]
LaTeX Font Info:    Font shape `T1/ptm/bx/n' in size <9> not available
(Font)              Font shape `T1/ptm/b/n' tried instead on input line 586.
 [73] [74]
Underfull \hbox (badness 1783) in paragraph at lines 706--709
\T1/ptm/m/n/10.95 mo-re about it at $\T1/pcr/m/n/10.95 https : / / docs . pytho
n . org / 2 / library / stdtypes . html #
 []

[75] [76]) (./07-files.tex [77] [78

]
Capitolo 7.
Package epstopdf Info: Source file: <figs2/arch3.eps>
(epstopdf)                    date: 2016-01-06 10:18:27
(epstopdf)                    size: 4519 bytes
(epstopdf)             Output file: <figs2/arch3-eps-converted-to.pdf>
(epstopdf)                    date: 2016-01-06 22:49:22
(epstopdf)                    size: 7088 bytes
(epstopdf)             Command: <repstopdf --outfile=figs2/arch3-eps-converted-
to.pdf figs2/arch3.eps>
(epstopdf)             \includegraphics on input line 28.
Package epstopdf Info: Output file is already uptodate.
<figs2/arch3-eps-converted-to.pdf, id=362, 437.635pt x 243.91125pt>
File: figs2/arch3-eps-converted-to.pdf Graphic file (type pdf)

<use figs2/arch3-eps-converted-to.pdf>
Package pdftex.def Info: figs2/arch3-eps-converted-to.pdf used on input line 28
.
(pdftex.def)             Requested size: 324.17871pt x 180.67499pt.
 [79 <./figs2/arch3-eps-converted-to.pdf>]
Package epstopdf Info: Source file: <figs2/handle.eps>
(epstopdf)                    date: 2016-01-06 10:18:27
(epstopdf)                    size: 60543 bytes
(epstopdf)             Output file: <figs2/handle-eps-converted-to.pdf>
(epstopdf)                    date: 2016-01-06 22:49:23
(epstopdf)                    size: 23492 bytes
(epstopdf)             Command: <repstopdf --outfile=figs2/handle-eps-converted
-to.pdf figs2/handle.eps>
(epstopdf)             \includegraphics on input line 74.
Package epstopdf Info: Output file is already uptodate.
 <figs2/handle-eps-converted-to.pdf, id=372, 605.26125pt x 306.14375pt>
File: figs2/handle-eps-converted-to.pdf Graphic file (type pdf)

<use figs2/handle-eps-converted-to.pdf>
Package pdftex.def Info: figs2/handle-eps-converted-to.pdf used on input line 7
4.
(pdftex.def)             Requested size: 250.04276pt x 126.47249pt.

Underfull \vbox (badness 1527) has occurred while \output is active []

 [80 <./figs2/handle-eps-converted-to.pdf>] [81]
Underfull \hbox (badness 3128) in paragraph at lines 237--241
\T1/ptm/m/n/10.95 In this exam-ple, the en-ti-re con-ten-ts (all 94,626 cha-rac
-ters) of the fi-le
 []

[82] [83] [84] [85] [86] [87] [88]) (./08-lists.tex [89] [90

]
Capitolo 8.
[91] [92] [93] [94] [95] [96] [97]
Package epstopdf Info: Source file: <figs2/list1.eps>
(epstopdf)                    date: 2016-01-06 10:18:27
(epstopdf)                    size: 4554 bytes
(epstopdf)             Output file: <figs2/list1-eps-converted-to.pdf>
(epstopdf)                    date: 2016-01-06 22:49:24
(epstopdf)                    size: 4394 bytes
(epstopdf)             Command: <repstopdf --outfile=figs2/list1-eps-converted-
to.pdf figs2/list1.eps>
(epstopdf)             \includegraphics on input line 701.
Package epstopdf Info: Output file is already uptodate.

<figs2/list1-eps-converted-to.pdf, id=441, 218.8175pt x 42.1575pt>
File: figs2/list1-eps-converted-to.pdf Graphic file (type pdf)

<use figs2/list1-eps-converted-to.pdf>
Package pdftex.def Info: figs2/list1-eps-converted-to.pdf used on input line 70
1.
(pdftex.def)             Requested size: 218.81696pt x 42.15738pt.
 [98 <./figs2/list1-eps-converted-to.pdf>] [99] [100] [101] [102] [103] [104] [
105]) (./09-dictionaries.tex [106]
Capitolo 9.
[107

] [108]
Underfull \hbox (badness 1062) in paragraph at lines 197--201
\T1/ptm/m/n/10.95 you could tra-ver-se the string and, for each cha-rac-ter, in
-cre-ment the
 []


Underfull \hbox (badness 1292) in paragraph at lines 214--216
[]\T1/ptm/m/n/10.95 Each of the-se op-tions per-forms the sa-me com-pu-ta-tion,
 but each of them
 []

[109] [110] [111] [112]
Underfull \hbox (badness 2237) in paragraph at lines 517--521
[]\T1/ptm/m/n/10.95 We can sol-ve both the-se pro-blems by using the string me-
thods \T1/pcr/m/n/10.95 lower\T1/ptm/m/n/10.95 ,
 []

[113] [114] [115]) (./10-tuples.tex [116]
Capitolo 10.
[117

] [118] [119] [120] [121] [122]
Underfull \vbox (badness 6477) has occurred while \output is active []

 [123]
[124] [125]
Underfull \hbox (badness 1199) in paragraph at lines 739--742
[]\T1/ptm/m/n/10.95 Finding a hard bug re-qui-res rea-ding, run-ning, ru-mi-na-
ting, and so-me-ti-mes
 []


Underfull \hbox (badness 3612) in paragraph at lines 753--756
[]\T1/ptm/m/n/10.95 A col-lec-tion of re-la-ted va-lues, of-ten or-ga-ni-zed in
 lists,
 []


Underfull \hbox (badness 3514) in paragraph at lines 757--761
[]\T1/ptm/m/n/10.95 Abbreviation of ``decorate-sort-undecorate'', a pat-tern th
at in-vol-ves
 []

[126] [127]) (./11-regex.tex [128]
Capitolo 11.
[129

] [130] [131]
Underfull \hbox (badness 10000) in paragraph at lines 200--204
[]\T1/ptm/m/n/10.95 The re-gu-lar ex-pres-sion would match twi-ce (csev@umich.e
du and
 []

[132] [133] [134] [135] [136] [137] [138] [139] [140]) (./12-network.tex
[141] [142

]
Capitolo 12.

Underfull \hbox (badness 1014) in paragraph at lines 38--40
[]\T1/ptm/m/n/10.95 There are ma-ny do-cu-men-ts which de-scri-be the-se net-wo
rk pro-to-cols. The
 []

[143]
Package epstopdf Info: Source file: <figs2/socket.eps>
(epstopdf)                    date: 2016-01-06 10:18:27
(epstopdf)                    size: 28352 bytes
(epstopdf)             Output file: <figs2/socket-eps-converted-to.pdf>
(epstopdf)                    date: 2016-01-06 22:49:25
(epstopdf)                    size: 13183 bytes
(epstopdf)             Command: <repstopdf --outfile=figs2/socket-eps-converted
-to.pdf figs2/socket.eps>
(epstopdf)             \includegraphics on input line 87.
Package epstopdf Info: Output file is already uptodate.
 <figs2/socket-eps-converted-to.pdf, id=594, 1026.83624pt x 468.75125pt>
File: figs2/socket-eps-converted-to.pdf Graphic file (type pdf)

<use figs2/socket-eps-converted-to.pdf>
Package pdftex.def Info: figs2/socket-eps-converted-to.pdf used on input line 8
7.
(pdftex.def)             Requested size: 237.46783pt x 108.405pt.
 [144 <./figs2/socket-eps-converted-to.pdf>] [145] [146]
Underfull \vbox (badness 5475) has occurred while \output is active []

 [147]
[148] [149] [150] [151] [152] [153]) (./13-web.tex [154]
Capitolo 13.
Package epstopdf Info: Source file: <figs2/xml-tree.eps>
(epstopdf)                    date: 2016-01-06 10:18:27
(epstopdf)                    size: 38887 bytes
(epstopdf)             Output file: <figs2/xml-tree-eps-converted-to.pdf>
(epstopdf)                    date: 2016-01-06 22:49:26
(epstopdf)                    size: 22446 bytes
(epstopdf)             Command: <repstopdf --outfile=figs2/xml-tree-eps-convert
ed-to.pdf figs2/xml-tree.eps>
(epstopdf)             \includegraphics on input line 41.
Package epstopdf Info: Output file is already uptodate.
<figs2/xml-tree-eps-converted-to.pdf, id=637, 916.42375pt x 380.42125pt>
File: figs2/xml-tree-eps-converted-to.pdf Graphic file (type pdf)

<use figs2/xml-tree-eps-converted-to.pdf>
Package pdftex.def Info: figs2/xml-tree-eps-converted-to.pdf used on input line
 41.
(pdftex.def)             Requested size: 261.14153pt x 108.405pt.
 [155

] [156 <./figs2/xml-tree-eps-converted-to.pdf>] [157] [158] [159]
Package epstopdf Info: Source file: <figs2/soa.eps>
(epstopdf)                    date: 2016-01-06 10:18:27
(epstopdf)                    size: 19461 bytes
(epstopdf)             Output file: <figs2/soa-eps-converted-to.pdf>
(epstopdf)                    date: 2016-01-06 22:49:27
(epstopdf)                    size: 9223 bytes
(epstopdf)             Command: <repstopdf --outfile=figs2/soa-eps-converted-to
.pdf figs2/soa.eps>
(epstopdf)             \includegraphics on input line 293.
Package epstopdf Info: Output file is already uptodate.

<figs2/soa-eps-converted-to.pdf, id=665, 980.66376pt x 735.74875pt>
File: figs2/soa-eps-converted-to.pdf Graphic file (type pdf)

<use figs2/soa-eps-converted-to.pdf>
Package pdftex.def Info: figs2/soa-eps-converted-to.pdf used on input line 293.

(pdftex.def)             Requested size: 240.8109pt x 180.67499pt.
 [160 <./figs2/soa-eps-converted-to.pdf>]
Underfull \hbox (badness 10000) in paragraph at lines 331--332
[]$\T1/pcr/m/n/10.95 http : / / maps . googleapis . com / maps / api / geocode 
/ json ? sensor = false &
 []

[161] [162] [163] [164] [165]
Underfull \hbox (badness 3514) in paragraph at lines 706--710
[]\T1/ptm/m/n/10.95 Service-Oriented Ar-chi-tec-tu-re. When an ap-pli-ca-tion i
s ma-de of
 []

[166]) (./14-database.tex [167] [168

]
Capitolo 14.
Package epstopdf Info: Source file: <figs2/relational.eps>
(epstopdf)                    date: 2016-01-06 10:18:27
(epstopdf)                    size: 24849 bytes
(epstopdf)             Output file: <figs2/relational-eps-converted-to.pdf>
(epstopdf)                    date: 2016-01-06 22:49:28
(epstopdf)                    size: 13713 bytes
(epstopdf)             Command: <repstopdf --outfile=figs2/relational-eps-conve
rted-to.pdf figs2/relational.eps>
(epstopdf)             \includegraphics on input line 49.
Package epstopdf Info: Output file is already uptodate.
<figs2/relational-eps-converted-to.pdf, id=700, 859.21pt x 274.02374pt>
File: figs2/relational-eps-converted-to.pdf Graphic file (type pdf)

<use figs2/relational-eps-converted-to.pdf>
Package pdftex.def Info: figs2/relational-eps-converted-to.pdf used on input li
ne 49.
(pdftex.def)             Requested size: 339.9152pt x 108.405pt.
 [169] [170 <./figs2/relational-eps-converted-to.pdf>]
Package epstopdf Info: Source file: <figs2/cursor.eps>
(epstopdf)                    date: 2016-01-06 10:18:27
(epstopdf)                    size: 38738 bytes
(epstopdf)             Output file: <figs2/cursor-eps-converted-to.pdf>
(epstopdf)                    date: 2016-01-06 22:49:29
(epstopdf)                    size: 16522 bytes
(epstopdf)             Command: <repstopdf --outfile=figs2/cursor-eps-converted
-to.pdf figs2/cursor.eps>
(epstopdf)             \includegraphics on input line 144.
Package epstopdf Info: Output file is already uptodate.

<figs2/cursor-eps-converted-to.pdf, id=715, 537.00626pt x 307.1475pt>
File: figs2/cursor-eps-converted-to.pdf Graphic file (type pdf)

<use figs2/cursor-eps-converted-to.pdf>
Package pdftex.def Info: figs2/cursor-eps-converted-to.pdf used on input line 1
44.
(pdftex.def)             Requested size: 189.52826pt x 108.405pt.
 [171 <./figs2/cursor-eps-converted-to.pdf>] [172]
Package epstopdf Info: Source file: <figs2/tracks.eps>
(epstopdf)                    date: 2016-01-06 10:18:27
(epstopdf)                    size: 18571 bytes
(epstopdf)             Output file: <figs2/tracks-eps-converted-to.pdf>
(epstopdf)                    date: 2016-01-06 22:49:30
(epstopdf)                    size: 9114 bytes
(epstopdf)             Command: <repstopdf --outfile=figs2/tracks-eps-converted
-to.pdf figs2/tracks.eps>
(epstopdf)             \includegraphics on input line 229.
Package epstopdf Info: Output file is already uptodate.

<figs2/tracks-eps-converted-to.pdf, id=732, 447.6725pt x 243.91125pt>
File: figs2/tracks-eps-converted-to.pdf Graphic file (type pdf)

<use figs2/tracks-eps-converted-to.pdf>
Package pdftex.def Info: figs2/tracks-eps-converted-to.pdf used on input line 2
29.
(pdftex.def)             Requested size: 132.64287pt x 72.26999pt.
 [173 <./figs2/tracks-eps-converted-to.pdf>] [174] [175] [176] [177] [178] [179
] [180]
Package epstopdf Info: Source file: <figs2/twitter.eps>
(epstopdf)                    date: 2016-01-06 10:18:27
(epstopdf)                    size: 50397 bytes
(epstopdf)             Output file: <figs2/twitter-eps-converted-to.pdf>
(epstopdf)                    date: 2016-01-06 22:49:31
(epstopdf)                    size: 27543 bytes
(epstopdf)             Command: <repstopdf --outfile=figs2/twitter-eps-converte
d-to.pdf figs2/twitter.eps>
(epstopdf)             \includegraphics on input line 813.
Package epstopdf Info: Output file is already uptodate.

<figs2/twitter-eps-converted-to.pdf, id=764, 1020.81375pt x 643.40375pt>
File: figs2/twitter-eps-converted-to.pdf Graphic file (type pdf)

<use figs2/twitter-eps-converted-to.pdf>
Package pdftex.def Info: figs2/twitter-eps-converted-to.pdf used on input line 
813.
(pdftex.def)             Requested size: 286.65144pt x 180.67499pt.

Underfull \vbox (badness 10000) has occurred while \output is active []

 [181]
[182 <./figs2/twitter-eps-converted-to.pdf>] [183] [184] [185] [186]
Package epstopdf Info: Source file: <figs2/join.eps>
(epstopdf)                    date: 2016-01-06 10:18:27
(epstopdf)                    size: 24975 bytes
(epstopdf)             Output file: <figs2/join-eps-converted-to.pdf>
(epstopdf)                    date: 2016-01-06 22:49:32
(epstopdf)                    size: 10643 bytes
(epstopdf)             Command: <repstopdf --outfile=figs2/join-eps-converted-t
o.pdf figs2/join.eps>
(epstopdf)             \includegraphics on input line 1183.
Package epstopdf Info: Output file is already uptodate.

<figs2/join-eps-converted-to.pdf, id=796, 915.42pt x 631.35875pt>
File: figs2/join-eps-converted-to.pdf Graphic file (type pdf)

<use figs2/join-eps-converted-to.pdf>
Package pdftex.def Info: figs2/join-eps-converted-to.pdf used on input line 118
3.
(pdftex.def)             Requested size: 261.95898pt x 180.67499pt.
 [187] [188 <./figs2/join-eps-converted-to.pdf>] [189] [190]) (./15-viz.tex [19
1] [192

]
Capitolo 15.
Package epstopdf Info: Source file: <figs2/google-map.eps>
(epstopdf)                    date: 2016-01-06 10:18:27
(epstopdf)                    size: 1588512 bytes
(epstopdf)             Output file: <figs2/google-map-eps-converted-to.pdf>
(epstopdf)                    date: 2016-01-06 22:49:34
(epstopdf)                    size: 246240 bytes
(epstopdf)             Command: <repstopdf --outfile=figs2/google-map-eps-conve
rted-to.pdf figs2/google-map.eps>
(epstopdf)             \includegraphics on input line 29.
Package epstopdf Info: Output file is already uptodate.
<figs2/google-map-eps-converted-to.pdf, id=822, 947.54pt x 681.54625pt>
File: figs2/google-map-eps-converted-to.pdf Graphic file (type pdf)

<use figs2/google-map-eps-converted-to.pdf>
Package pdftex.def Info: figs2/google-map-eps-converted-to.pdf used on input li
ne 29.
(pdftex.def)             Requested size: 226.06963pt x 162.6075pt.
 [193 <./figs2/google-map-eps-converted-to.pdf>] [194]
Package epstopdf Info: Source file: <figs2/pagerank.eps>
(epstopdf)                    date: 2016-01-06 10:18:27
(epstopdf)                    size: 430918 bytes
(epstopdf)             Output file: <figs2/pagerank-eps-converted-to.pdf>
(epstopdf)                    date: 2016-01-06 22:49:35
(epstopdf)                    size: 103514 bytes
(epstopdf)             Command: <repstopdf --outfile=figs2/pagerank-eps-convert
ed-to.pdf figs2/pagerank.eps>
(epstopdf)             \includegraphics on input line 165.
Package epstopdf Info: Output file is already uptodate.

<figs2/pagerank-eps-converted-to.pdf, id=834, 641.39626pt x 498.86375pt>
File: figs2/pagerank-eps-converted-to.pdf Graphic file (type pdf)

<use figs2/pagerank-eps-converted-to.pdf>
Package pdftex.def Info: figs2/pagerank-eps-converted-to.pdf used on input line
 165.
(pdftex.def)             Requested size: 209.06789pt x 162.6075pt.
 [195] [196 <./figs2/pagerank-eps-converted-to.pdf>] [197]
Package epstopdf Info: Source file: <figs2/wordcloud.eps>
(epstopdf)                    date: 2016-01-06 10:18:27
(epstopdf)                    size: 463320 bytes
(epstopdf)             Output file: <figs2/wordcloud-eps-converted-to.pdf>
(epstopdf)                    date: 2016-01-06 22:49:37
(epstopdf)                    size: 162726 bytes
(epstopdf)             Command: <repstopdf --outfile=figs2/wordcloud-eps-conver
ted-to.pdf figs2/wordcloud.eps>
(epstopdf)             \includegraphics on input line 322.
Package epstopdf Info: Output file is already uptodate.

<figs2/wordcloud-eps-converted-to.pdf, id=847, 824.07875pt x 881.2925pt>
File: figs2/wordcloud-eps-converted-to.pdf Graphic file (type pdf)

<use figs2/wordcloud-eps-converted-to.pdf>
Package pdftex.def Info: figs2/wordcloud-eps-converted-to.pdf used on input lin
e 322.
(pdftex.def)             Requested size: 168.93723pt x 180.67499pt.
 [198 <./figs2/wordcloud-eps-converted-to.pdf>] [199] [200] [201]
Package epstopdf Info: Source file: <figs2/mailorg.eps>
(epstopdf)                    date: 2016-01-06 10:18:27
(epstopdf)                    size: 667125 bytes
(epstopdf)             Output file: <figs2/mailorg-eps-converted-to.pdf>
(epstopdf)                    date: 2016-01-06 22:49:38
(epstopdf)                    size: 208606 bytes
(epstopdf)             Command: <repstopdf --outfile=figs2/mailorg-eps-converte
d-to.pdf figs2/mailorg.eps>
(epstopdf)             \includegraphics on input line 553.
Package epstopdf Info: Output file is already uptodate.

<figs2/mailorg-eps-converted-to.pdf, id=864, 1230.5975pt x 687.56876pt>
File: figs2/mailorg-eps-converted-to.pdf Graphic file (type pdf)

<use figs2/mailorg-eps-converted-to.pdf>
Package pdftex.def Info: figs2/mailorg-eps-converted-to.pdf used on input line 
553.
(pdftex.def)             Requested size: 323.3653pt x 180.67499pt.
) (./16-tasks.tex [202 <./figs2/mailorg-eps-converted-to.pdf>]
Capitolo 16.
[203

] [204] [205] [206] [207] [208]
Underfull \hbox (badness 1226) in paragraph at lines 505--508
\T1/ptm/b/n/10.95 line ar-gu-men-ts \T1/ptm/m/n/10.95 in our Py-thon pro-gram. 
He-re is a sim-ple pro-gram that
 []

[209] [210] [211] [212]) (./AA-windows.tex [213] [214

]
Appendice A.

Underfull \hbox (badness 1478) in paragraph at lines 44--46
\T1/ptm/m/n/10.95 Except that you should chan-ge it to be your na-me. Sa-ve the
 fi-le in-to
 []

[215]) (./AB-apple.tex [216]
Appendice B.

Underfull \hbox (badness 3568) in paragraph at lines 22--24
[]\T1/ptm/m/n/10.95 Our re-com-men-ded edi-tor for Ma-cin-tosh is Text-W-ran-gl
er which can be
 []

[217

]) (./AC-contrib.tex [218]
Appendice C.
[219

] [220]
Underfull \hbox (badness 10000) in paragraph at lines 157--159

 []

[221]) (./AD-copyright.tex [222]
Appendice D.
[223

]
No file book.ind.
[224]
\createspace@c@pages=\count138

Package createspace Info: added one page for calculations to make the page coun
t even

\temp=\count139
\log@digits=\count140
\log@result=\dimen133
\log@temp=\dimen134
\log@current=\dimen135
\createspace@log=\dimen136
\createspace@l@spine=\dimen137
Package createspace Info: spine is about 37.20795pt wide

\createspace@cents=\count141
\createspace@dols=\count142
Package createspace Info: book cost is 6.02USD (3.56USD for pro plan)

(./book.aux) ) ) 
Here is how much of TeX's memory you used:
 6446 strings out of 493117
 88066 string characters out of 6135433
 158096 words of memory out of 5000000
 9618 multiletter control sequences out of 15000+600000
 93368 words of font info for 142 fonts, out of 8000000 for 9000
 1141 hyphenation exceptions out of 8191
 43i,11n,69p,1233b,560s stack positions out of 5000i,500n,10000p,200000b,80000s
{/usr/local/texlive/2014/texmf-dist/fonts/enc/dvips/base/8r.enc
}</usr/local/texlive/2014/texmf-dist/fonts/type1/public/amsfonts/cm/cmmi10.pfb>
</usr/local/texlive/2014/texmf-dist/fonts/type1/public/amsfonts/cm/cmr10.pfb></
usr/local/texlive/2014/texmf-dist/fonts/type1/public/amsfonts/cm/cmsy10.pfb></u
sr/local/texlive/2014/texmf-dist/fonts/type1/urw/courier/ucrr8a.pfb></usr/local
/texlive/2014/texmf-dist/fonts/type1/urw/courier/ucrr8a.pfb></usr/local/texlive
/2014/texmf-dist/fonts/type1/urw/helvetic/uhvr8a.pfb></usr/local/texlive/2014/t
exmf-dist/fonts/type1/urw/symbol/usyr.pfb></usr/local/texlive/2014/texmf-dist/f
onts/type1/urw/times/utmb8a.pfb></usr/local/texlive/2014/texmf-dist/fonts/type1
/urw/times/utmbi8a.pfb></usr/local/texlive/2014/texmf-dist/fonts/type1/urw/time
s/utmr8a.pfb></usr/local/texlive/2014/texmf-dist/fonts/type1/urw/times/utmri8a.
pfb>
Output written on book.pdf (236 pages, 1427829 bytes).
PDF statistics:
 988 PDF objects out of 1000 (max. 8388607)
 652 compressed objects within 7 object streams
 0 named destinations out of 1000 (max. 500000)
 121 words of extra memory for PDF output out of 10000 (max. 10000000)

